::1 - - [17/Dec/2022:16:28:06 +0000] "POST /api/v1/auth/register%20 HTTP/1.1" 404 163 "-" "PostmanRuntime/7.30.0"
::1 - - [17/Dec/2022:16:28:36 +0000] "POST /api/v1/auth/register%20 HTTP/1.1" 404 163 "-" "PostmanRuntime/7.30.0"
::1 - - [17/Dec/2022:16:28:52 +0000] "POST /api/v1/auth/register%20 HTTP/1.1" 404 163 "-" "PostmanRuntime/7.30.0"
::1 - - [17/Dec/2022:16:29:07 +0000] "POST /api/v1/auth/register%20 HTTP/1.1" 404 163 "-" "PostmanRuntime/7.30.0"
::1 - - [17/Dec/2022:16:48:52 +0000] "POST /api/v1/auth/register HTTP/1.1" 404 114 "-" "PostmanRuntime/7.30.0"
::1 - - [17/Dec/2022:16:49:10 +0000] "POST /api/v1/auth/register HTTP/1.1" 404 114 "-" "PostmanRuntime/7.30.0"
::1 - - [17/Dec/2022:16:51:37 +0000] "POST /api/v1/auth/register HTTP/1.1" 404 114 "-" "PostmanRuntime/7.30.0"
::1 - - [17/Dec/2022:16:56:05 +0000] "POST /api/v1/auth/register HTTP/1.1" 404 114 "-" "PostmanRuntime/7.30.0"
::1 - - [17/Dec/2022:16:57:52 +0000] "POST /api/v1/auth/register HTTP/1.1" 404 114 "-" "PostmanRuntime/7.30.0"
::1 - - [17/Dec/2022:16:59:37 +0000] "POST /api/v1/auth/register HTTP/1.1" 404 114 "-" "PostmanRuntime/7.30.0"
::1 - - [17/Dec/2022:16:59:54 +0000] "POST /api/v1/auth/register HTTP/1.1" 404 114 "-" "PostmanRuntime/7.30.0"
::1 - - [17/Dec/2022:16:59:56 +0000] "POST /api/v1/auth/register HTTP/1.1" 404 114 "-" "PostmanRuntime/7.30.0"
::1 - - [17/Dec/2022:16:59:58 +0000] "POST /api/v1/auth/register HTTP/1.1" 404 114 "-" "PostmanRuntime/7.30.0"
::1 - - [17/Dec/2022:17:02:44 +0000] "POST /api/v1/auth/register HTTP/1.1" 404 114 "-" "PostmanRuntime/7.30.0"
::1 - - [17/Dec/2022:17:04:50 +0000] "POST /api/v1/auth/register HTTP/1.1" 404 109 "-" "PostmanRuntime/7.30.0"
::1 - - [17/Dec/2022:19:16:33 +0000] "POST /api/v1/auth/register HTTP/1.1" 404 109 "-" "PostmanRuntime/7.30.0"
::1 - - [17/Dec/2022:19:16:51 +0000] "POST /api/v1/auth/register HTTP/1.1" 404 109 "-" "PostmanRuntime/7.30.0"
::1 - - [17/Dec/2022:19:26:54 +0000] "POST /api/v1/auth/register HTTP/1.1" 404 109 "-" "PostmanRuntime/7.30.0"
::1 - - [17/Dec/2022:19:27:19 +0000] "POST /api/v1/auth/register HTTP/1.1" 404 109 "-" "PostmanRuntime/7.30.0"
::1 - - [17/Dec/2022:19:27:23 +0000] "POST /api/v1/auth/register HTTP/1.1" 404 109 "-" "PostmanRuntime/7.30.0"
::1 - - [17/Dec/2022:19:29:35 +0000] "POST /api/v1/auth/register HTTP/1.1" 404 109 "-" "PostmanRuntime/7.30.0"
::1 - - [17/Dec/2022:19:30:19 +0000] "POST /api/v1/auth/register HTTP/1.1" 404 109 "-" "PostmanRuntime/7.30.0"
::1 - - [17/Dec/2022:19:34:50 +0000] "POST /api/v1/auth/register HTTP/1.1" 404 109 "-" "PostmanRuntime/7.30.0"
::1 - - [17/Dec/2022:19:35:16 +0000] "POST /api/v1/auth/register HTTP/1.1" 404 109 "-" "PostmanRuntime/7.30.0"
::1 - - [17/Dec/2022:19:36:39 +0000] "POST /api/v1/auth/register HTTP/1.1" 404 109 "-" "PostmanRuntime/7.30.0"
::1 - - [17/Dec/2022:19:58:28 +0000] "POST /api/v1/auth/register HTTP/1.1" 404 109 "-" "PostmanRuntime/7.30.0"
::1 - - [17/Dec/2022:20:08:14 +0000] "POST /api/v1/auth/register HTTP/1.1" 404 109 "-" "PostmanRuntime/7.30.0"
::1 - - [17/Dec/2022:20:08:17 +0000] "POST /api/v1/auth/register HTTP/1.1" 404 109 "-" "PostmanRuntime/7.30.0"
::1 - - [17/Dec/2022:20:12:51 +0000] "POST /api/v1/auth/register HTTP/1.1" 404 109 "-" "PostmanRuntime/7.30.0"
::1 - - [18/Dec/2022:08:11:02 +0000] "POST /api/v1/auth/register HTTP/1.1" 404 109 "-" "PostmanRuntime/7.30.0"
::1 - - [18/Dec/2022:08:15:10 +0000] "POST /api/v1/auth/login%20 HTTP/1.1" 404 160 "-" "PostmanRuntime/7.30.0"
::1 - - [18/Dec/2022:08:16:05 +0000] "POST /api/v1/auth/login%20 HTTP/1.1" 404 160 "-" "PostmanRuntime/7.30.0"
::1 - - [18/Dec/2022:08:16:07 +0000] "POST /api/v1/auth/login%20 HTTP/1.1" 404 160 "-" "PostmanRuntime/7.30.0"
::1 - - [18/Dec/2022:08:16:16 +0000] "POST /api/v1/auth/register HTTP/1.1" 404 194 "-" "PostmanRuntime/7.30.0"
::1 - - [18/Dec/2022:08:17:19 +0000] "POST /api/v1/auth/register HTTP/1.1" 404 194 "-" "PostmanRuntime/7.30.0"
::1 - - [18/Dec/2022:08:17:26 +0000] "POST /api/v1/auth/register HTTP/1.1" 404 194 "-" "PostmanRuntime/7.30.0"
::1 - - [18/Dec/2022:08:18:46 +0000] "POST /api/v1/auth/register HTTP/1.1" 404 194 "-" "PostmanRuntime/7.30.0"
::1 - - [18/Dec/2022:08:18:51 +0000] "POST /api/v1/auth/register HTTP/1.1" 404 194 "-" "PostmanRuntime/7.30.0"
::1 - - [18/Dec/2022:08:21:42 +0000] "POST /api/v1/auth/register HTTP/1.1" 404 109 "-" "PostmanRuntime/7.30.0"
::1 - - [18/Dec/2022:08:23:41 +0000] "POST /api/v1/auth/register HTTP/1.1" 201 613 "-" "PostmanRuntime/7.30.0"
::1 - - [18/Dec/2022:08:29:30 +0000] "POST /api/v1/auth/register HTTP/1.1" 201 618 "-" "PostmanRuntime/7.30.0"
::1 - - [18/Dec/2022:08:30:44 +0000] "POST /api/v1/auth/register HTTP/1.1" 201 618 "-" "PostmanRuntime/7.30.0"
::1 - - [18/Dec/2022:08:31:10 +0000] "POST /api/v1/auth/login%20 HTTP/1.1" 404 160 "-" "PostmanRuntime/7.30.0"
::1 - - [18/Dec/2022:08:33:51 +0000] "POST /api/v1/auth/login%20 HTTP/1.1" 404 160 "-" "PostmanRuntime/7.30.0"
::1 - - [18/Dec/2022:08:35:23 +0000] "POST /api/v1/auth/login%20 HTTP/1.1" 404 160 "-" "PostmanRuntime/7.30.0"
::1 - - [18/Dec/2022:15:06:25 +0000] "POST /api/v1/auth/login%20 HTTP/1.1" 404 160 "-" "PostmanRuntime/7.30.0"
::1 - - [18/Dec/2022:15:07:53 +0000] "POST /api/v1/auth/login%20 HTTP/1.1" 404 160 "-" "PostmanRuntime/7.30.0"
::1 - - [18/Dec/2022:15:10:00 +0000] "POST /api/v1/auth/login%20 HTTP/1.1" 404 160 "-" "PostmanRuntime/7.30.0"
::1 - - [18/Dec/2022:15:11:49 +0000] "POST /api/v1/auth/login%20 HTTP/1.1" 404 160 "-" "PostmanRuntime/7.30.0"
::1 - - [18/Dec/2022:15:11:53 +0000] "POST /api/v1/auth/login%20 HTTP/1.1" 404 160 "-" "PostmanRuntime/7.30.0"
::1 - - [18/Dec/2022:15:12:36 +0000] "POST /api/v1/auth/login%20 HTTP/1.1" 404 160 "-" "PostmanRuntime/7.30.0"
::1 - - [18/Dec/2022:15:12:50 +0000] "POST /api/v1/auth/login%20 HTTP/1.1" 404 160 "-" "PostmanRuntime/7.30.0"
::1 - - [18/Dec/2022:15:13:56 +0000] "POST /api/v1/auth/login%20 HTTP/1.1" 404 160 "-" "PostmanRuntime/7.30.0"
::1 - - [18/Dec/2022:15:14:12 +0000] "POST /api/v1/auth/login%20 HTTP/1.1" 404 160 "-" "PostmanRuntime/7.30.0"
::1 - - [18/Dec/2022:15:15:41 +0000] "POST /api/v1/auth/login%20 HTTP/1.1" 404 160 "-" "PostmanRuntime/7.30.0"
::1 - - [18/Dec/2022:15:15:43 +0000] "POST /api/v1/auth/login%20 HTTP/1.1" 404 160 "-" "PostmanRuntime/7.30.0"
::1 - - [18/Dec/2022:15:16:20 +0000] "POST /api/v1/auth/login%20 HTTP/1.1" 404 160 "-" "PostmanRuntime/7.30.0"
::1 - - [18/Dec/2022:15:16:22 +0000] "POST /api/v1/auth/login%20 HTTP/1.1" 404 160 "-" "PostmanRuntime/7.30.0"
::1 - - [18/Dec/2022:15:16:35 +0000] "POST /api/v1/auth/login%20 HTTP/1.1" 404 160 "-" "PostmanRuntime/7.30.0"
::1 - - [18/Dec/2022:15:16:36 +0000] "POST /api/v1/auth/login%20 HTTP/1.1" 404 160 "-" "PostmanRuntime/7.30.0"
::1 - - [18/Dec/2022:16:51:53 +0000] "POST /api/v1/user/639ecfb3566d89abbb191002 HTTP/1.1" 404 176 "-" "PostmanRuntime/7.30.0"
::1 - - [18/Dec/2022:16:52:47 +0000] "POST /api/v1/user/639ecfb3566d89abbb191002 HTTP/1.1" 404 176 "-" "PostmanRuntime/7.30.0"
::1 - - [18/Dec/2022:16:54:21 +0000] "PUT /api/v1/user/639ecfb3566d89abbb191002 HTTP/1.1" 200 330 "-" "PostmanRuntime/7.30.0"
::1 - - [18/Dec/2022:16:59:07 +0000] "GET /api/v1/user/ HTTP/1.1" 403 27 "-" "PostmanRuntime/7.30.0"
::1 - - [18/Dec/2022:16:59:50 +0000] "POST /api/v1/auth/register HTTP/1.1" 404 109 "-" "PostmanRuntime/7.30.0"
::1 - - [18/Dec/2022:17:00:50 +0000] "POST /api/v1/auth/register HTTP/1.1" 201 618 "-" "PostmanRuntime/7.30.0"
::1 - - [18/Dec/2022:17:01:22 +0000] "GET /api/v1/user/ HTTP/1.1" 401 47 "-" "PostmanRuntime/7.30.0"
::1 - - [18/Dec/2022:17:02:57 +0000] "POST /api/v1/auth/register HTTP/1.1" 404 146 "-" "PostmanRuntime/7.30.0"
::1 - - [18/Dec/2022:17:04:38 +0000] "POST /api/v1/auth/register HTTP/1.1" 201 624 "-" "PostmanRuntime/7.30.0"
::1 - - [18/Dec/2022:17:05:12 +0000] "GET /api/v1/user/ HTTP/1.1" 401 47 "-" "PostmanRuntime/7.30.0"
::1 - - [18/Dec/2022:17:06:35 +0000] "POST /api/v1/auth/register HTTP/1.1" 201 618 "-" "PostmanRuntime/7.30.0"
::1 - - [18/Dec/2022:17:07:31 +0000] "GET /api/v1/auth/ HTTP/1.1" 404 151 "-" "PostmanRuntime/7.30.0"
::1 - - [18/Dec/2022:17:07:40 +0000] "GET /api/v1/user/ HTTP/1.1" 401 47 "-" "PostmanRuntime/7.30.0"
::1 - - [18/Dec/2022:17:08:25 +0000] "GET /api/v1/user/ HTTP/1.1" 401 47 "-" "PostmanRuntime/7.30.0"
::1 - - [18/Dec/2022:17:09:25 +0000] "GET /api/v1/user/639f489af5ffc66bd94d302a HTTP/1.1" 401 31 "-" "PostmanRuntime/7.30.0"
::1 - - [18/Dec/2022:17:10:30 +0000] "POST /api/v1/auth/register HTTP/1.1" 404 146 "-" "PostmanRuntime/7.30.0"
::1 - - [18/Dec/2022:17:10:37 +0000] "GET /api/v1/user/639f489af5ffc66bd94d302a HTTP/1.1" 401 31 "-" "PostmanRuntime/7.30.0"
::1 - - [18/Dec/2022:17:12:29 +0000] "GET /api/v1/auth/ HTTP/1.1" 404 151 "-" "PostmanRuntime/7.30.0"
::1 - - [18/Dec/2022:17:12:36 +0000] "GET /api/v1/user/639f489af5ffc66bd94d302a HTTP/1.1" 401 31 "-" "PostmanRuntime/7.30.0"
::1 - - [18/Dec/2022:17:14:12 +0000] "GET /api/v1/user HTTP/1.1" 403 27 "-" "PostmanRuntime/7.30.0"
::1 - - [18/Dec/2022:17:14:15 +0000] "GET /api/v1/user HTTP/1.1" 403 27 "-" "PostmanRuntime/7.30.0"
::1 - - [18/Dec/2022:17:14:30 +0000] "GET /api/v1/user HTTP/1.1" 403 27 "-" "PostmanRuntime/7.30.0"
::1 - - [18/Dec/2022:17:15:17 +0000] "POST /api/v1/auth/register HTTP/1.1" 201 610 "-" "PostmanRuntime/7.30.0"
::1 - - [18/Dec/2022:17:15:25 +0000] "GET /api/v1/user HTTP/1.1" 403 27 "-" "PostmanRuntime/7.30.0"
::1 - - [18/Dec/2022:17:15:44 +0000] "GET /api/v1/user HTTP/1.1" 403 27 "-" "PostmanRuntime/7.30.0"
::1 - - [18/Dec/2022:17:17:23 +0000] "GET /api/v1/user/639f4aa562219a20263ec495 HTTP/1.1" 401 31 "-" "PostmanRuntime/7.30.0"
::1 - - [18/Dec/2022:17:17:56 +0000] "GET /api/v1/user/639f4aa562219a20263ec495 HTTP/1.1" 403 27 "-" "PostmanRuntime/7.30.0"
::1 - - [18/Dec/2022:17:18:24 +0000] "GET /api/v1/user/639f4aa562219a20263ec495 HTTP/1.1" 200 282 "-" "PostmanRuntime/7.30.0"
::1 - - [18/Dec/2022:17:20:07 +0000] "GET /api/v1/user HTTP/1.1" 200 1765 "-" "PostmanRuntime/7.30.0"
::1 - - [18/Dec/2022:17:41:04 +0000] "DELETE /api/v1/user/639f4aa562219a20263ec495 HTTP/1.1" 200 459 "-" "PostmanRuntime/7.30.0"
::1 - - [18/Dec/2022:17:43:16 +0000] "GET /api/v1/auth/logout/639f4aa562219a20263ec495 HTTP/1.1" 404 182 "-" "PostmanRuntime/7.30.0"
::1 - - [18/Dec/2022:17:47:04 +0000] "PATCH /api/v1/user/reset-password/eyJhbGciOiJIUzI1NiIsInR5cCI6IkpXVCJ9.eyJpZCI6IjYzOWY0YWE1NjIyMTlhMjAyNjNlYzQ5NSIsImlhdCI6MTY3MTM4MzcxNywiZXhwIjoxNjcxNTU2NTE3fQ.8e4BA5t3QbuCJBL63I2fWh_4M9qDsn6b2E4hA832qx4 HTTP/1.1" 404 339 "-" "PostmanRuntime/7.30.0"
::1 - - [18/Dec/2022:18:50:25 +0000] "POST /api/v1/job/ HTTP/1.1" 403 27 "-" "PostmanRuntime/7.30.0"
::1 - - [18/Dec/2022:18:50:34 +0000] "POST /api/v1/job/ HTTP/1.1" 400 274 "-" "PostmanRuntime/7.30.0"
::1 - - [18/Dec/2022:18:53:33 +0000] "POST /api/v1/job/ HTTP/1.1" 400 273 "-" "PostmanRuntime/7.30.0"
::1 - - [18/Dec/2022:18:55:54 +0000] "POST /api/v1/job/ HTTP/1.1" 400 202 "-" "PostmanRuntime/7.30.0"
::1 - - [18/Dec/2022:18:59:07 +0000] "POST /api/v1/job HTTP/1.1" 400 202 "-" "PostmanRuntime/7.30.0"
::1 - - [18/Dec/2022:19:00:36 +0000] "POST /api/v1/job HTTP/1.1" 400 203 "-" "PostmanRuntime/7.30.0"
::1 - - [18/Dec/2022:19:00:55 +0000] "POST /api/v1/job HTTP/1.1" 400 147 "-" "PostmanRuntime/7.30.0"
::1 - - [18/Dec/2022:19:01:55 +0000] "POST /api/v1/job HTTP/1.1" 400 147 "-" "PostmanRuntime/7.30.0"
::1 - - [18/Dec/2022:19:02:07 +0000] "POST /api/v1/job/ HTTP/1.1" 400 147 "-" "PostmanRuntime/7.30.0"
::1 - - [18/Dec/2022:19:08:34 +0000] "POST /api/v1/job/ HTTP/1.1" 400 147 "-" "PostmanRuntime/7.30.0"
::1 - - [18/Dec/2022:19:10:03 +0000] "POST /api/v1/job/ HTTP/1.1" 400 147 "-" "PostmanRuntime/7.30.0"
::1 - - [18/Dec/2022:19:10:35 +0000] "POST /api/v1/job/ HTTP/1.1" 400 147 "-" "PostmanRuntime/7.30.0"
::1 - - [18/Dec/2022:19:14:03 +0000] "POST /api/v1/job/ HTTP/1.1" 400 147 "-" "PostmanRuntime/7.30.0"
::1 - - [18/Dec/2022:19:19:36 +0000] "POST /api/v1/job/ HTTP/1.1" 400 147 "-" "PostmanRuntime/7.30.0"
::1 - - [18/Dec/2022:19:22:09 +0000] "POST /api/v1/job/ HTTP/1.1" 400 147 "-" "PostmanRuntime/7.30.0"
::1 - - [18/Dec/2022:19:29:36 +0000] "POST /api/v1/job/ HTTP/1.1" 400 147 "-" "PostmanRuntime/7.30.0"
::1 - - [18/Dec/2022:19:32:07 +0000] "POST /api/v1/job/ HTTP/1.1" 201 539 "-" "PostmanRuntime/7.30.0"
::1 - - [18/Dec/2022:19:37:37 +0000] "GET /api/v1/job/639f6ab60bd75917ec71107f HTTP/1.1" 403 27 "-" "PostmanRuntime/7.30.0"
::1 - - [18/Dec/2022:19:42:27 +0000] "GET /api/v1/job/639f6ab60bd75917ec71107f HTTP/1.1" 500 41 "-" "PostmanRuntime/7.30.0"
::1 - - [18/Dec/2022:19:44:06 +0000] "GET /api/v1/job/639f6ab60bd75917ec71107f HTTP/1.1" 500 41 "-" "PostmanRuntime/7.30.0"
::1 - - [18/Dec/2022:19:47:55 +0000] "PUT /api/v1/job/639f6ab60bd75917ec71107f HTTP/1.1" 403 27 "-" "PostmanRuntime/7.30.0"
::1 - - [18/Dec/2022:20:01:01 +0000] "GET /api/v1/job/ HTTP/1.1" 200 512 "-" "PostmanRuntime/7.30.0"
::1 - - [18/Dec/2022:20:03:21 +0000] "GET /api/v1/job/639f6ab60bd75917ec71107f HTTP/1.1" 500 41 "-" "PostmanRuntime/7.30.0"
::1 - - [18/Dec/2022:20:03:33 +0000] "PUT /api/v1/job/639f6ab60bd75917ec71107f HTTP/1.1" 200 541 "-" "PostmanRuntime/7.30.0"
::1 - - [18/Dec/2022:20:12:15 +0000] "POST /api/v1/job/ HTTP/1.1" 400 187 "-" "PostmanRuntime/7.30.0"
::1 - - [18/Dec/2022:20:12:25 +0000] "POST /api/v1/job/ HTTP/1.1" 201 455 "-" "PostmanRuntime/7.30.0"
::1 - - [18/Dec/2022:20:14:17 +0000] "POST /api/v1/job/ HTTP/1.1" 400 162 "-" "PostmanRuntime/7.30.0"
::1 - - [18/Dec/2022:20:14:38 +0000] "POST /api/v1/job/ HTTP/1.1" 400 162 "-" "PostmanRuntime/7.30.0"
::1 - - [18/Dec/2022:20:18:23 +0000] "POST /api/v1/job/ HTTP/1.1" 201 452 "-" "PostmanRuntime/7.30.0"
::1 - - [18/Dec/2022:20:22:15 +0000] "POST /api/v1/job/ HTTP/1.1" 400 173 "-" "PostmanRuntime/7.30.0"
::1 - - [18/Dec/2022:20:22:55 +0000] "POST /api/v1/job/ HTTP/1.1" 400 173 "-" "PostmanRuntime/7.30.0"
::1 - - [18/Dec/2022:20:23:16 +0000] "POST /api/v1/job/ HTTP/1.1" 400 172 "-" "PostmanRuntime/7.30.0"
::1 - - [18/Dec/2022:20:24:36 +0000] "POST /api/v1/job/ HTTP/1.1" 201 467 "-" "PostmanRuntime/7.30.0"
::1 - - [18/Dec/2022:20:27:05 +0000] "DELETE /api/v1/job/639f7704bb6e6d3cd44a05bd HTTP/1.1" 403 27 "-" "PostmanRuntime/7.30.0"
::1 - - [18/Dec/2022:20:31:30 +0000] "DELETE /api/v1/job/639f7704bb6e6d3cd44a05bd HTTP/1.1" 200 52 "-" "PostmanRuntime/7.30.0"
::1 - - [18/Dec/2022:20:33:21 +0000] "GET /api/v1/job/639f6ab60bd75917ec71107f HTTP/1.1" 500 41 "-" "PostmanRuntime/7.30.0"
::1 - - [18/Dec/2022:20:34:56 +0000] "GET /api/v1/job/639f7704bb6e6d3cd44a05bd%0A HTTP/1.1" 401 39 "-" "PostmanRuntime/7.30.0"
::1 - - [18/Dec/2022:20:37:14 +0000] "GET /api/v1/job/ HTTP/1.1" 200 1284 "-" "PostmanRuntime/7.30.0"
::1 - - [18/Dec/2022:20:37:30 +0000] "GET /api/v1/job/%0A HTTP/1.1" 401 39 "-" "PostmanRuntime/7.30.0"
::1 - - [18/Dec/2022:20:40:33 +0000] "GET /api/v1/job/%0A HTTP/1.1" 400 108 "-" "PostmanRuntime/7.30.0"
::1 - - [18/Dec/2022:20:40:53 +0000] "GET /api/v1/job/%0A HTTP/1.1" 401 39 "-" "PostmanRuntime/7.30.0"
::1 - - [18/Dec/2022:20:46:10 +0000] "POST /api/v1/job/ HTTP/1.1" 201 467 "-" "PostmanRuntime/7.30.0"
::1 - - [18/Dec/2022:22:01:47 +0000] "POST /api/v1/apply HTTP/1.1" - - "-" "PostmanRuntime/7.30.0"
::1 - - [18/Dec/2022:22:03:02 +0000] "POST /api/v1/apply HTTP/1.1" 400 37 "-" "PostmanRuntime/7.30.0"
::1 - - [18/Dec/2022:22:05:01 +0000] "POST /api/v1/apply HTTP/1.1" - - "-" "PostmanRuntime/7.30.0"
::1 - - [18/Dec/2022:22:05:09 +0000] "POST /api/v1/apply HTTP/1.1" 400 37 "-" "PostmanRuntime/7.30.0"
::1 - - [18/Dec/2022:22:06:53 +0000] "POST /api/v1/auth/register HTTP/1.1" 201 610 "-" "PostmanRuntime/7.30.0"
::1 - - [18/Dec/2022:22:07:10 +0000] "POST /api/v1/apply/639f8efc4aee3b97dab822d5 HTTP/1.1" 404 177 "-" "PostmanRuntime/7.30.0"
::1 - - [18/Dec/2022:22:09:13 +0000] "POST /api/v1/apply/639f8efc4aee3b97dab822d5 HTTP/1.1" 404 177 "-" "PostmanRuntime/7.30.0"
::1 - - [18/Dec/2022:22:09:32 +0000] "POST /api/v1/apply HTTP/1.1" 201 297 "-" "PostmanRuntime/7.30.0"
::1 - - [18/Dec/2022:22:18:26 +0000] "PUT /api/v1/apply/639f8f9bfd78e210dbe313a7%0A HTTP/1.1" 403 27 "-" "PostmanRuntime/7.30.0"
::1 - - [18/Dec/2022:22:19:44 +0000] "PUT /api/v1/apply/639f8f9bfd78e210dbe313a7%0A HTTP/1.1" 400 44 "-" "PostmanRuntime/7.30.0"
::1 - - [18/Dec/2022:22:31:11 +0000] "PUT /api/v1/apply/639f8f9bfd78e210dbe313a7%0A HTTP/1.1" 400 44 "-" "PostmanRuntime/7.30.0"
::1 - - [18/Dec/2022:22:31:13 +0000] "PUT /api/v1/apply/639f8f9bfd78e210dbe313a7%0A HTTP/1.1" 400 44 "-" "PostmanRuntime/7.30.0"
::1 - - [18/Dec/2022:22:37:45 +0000] "GET /api/v1/apply/639f8f9bfd78e210dbe313a7 HTTP/1.1" 403 27 "-" "PostmanRuntime/7.30.0"
::1 - - [18/Dec/2022:22:37:52 +0000] "GET /api/v1/apply/639f8f9bfd78e210dbe313a7 HTTP/1.1" 400 44 "-" "PostmanRuntime/7.30.0"
::1 - - [18/Dec/2022:22:39:21 +0000] "GET /api/v1/apply/639f8f9bfd78e210dbe313a7 HTTP/1.1" 403 27 "-" "PostmanRuntime/7.30.0"
::1 - - [18/Dec/2022:22:39:28 +0000] "GET /api/v1/apply/639f8f9bfd78e210dbe313a7 HTTP/1.1" 400 44 "-" "PostmanRuntime/7.30.0"
::1 - - [18/Dec/2022:22:40:24 +0000] "GET /api/v1/apply/ HTTP/1.1" 400 37 "-" "PostmanRuntime/7.30.0"
::1 - - [18/Dec/2022:22:45:16 +0000] "GET /api/v1/apply/ HTTP/1.1" 200 298 "-" "PostmanRuntime/7.30.0"
::1 - - [18/Dec/2022:22:47:23 +0000] "GET /api/v1/apply/ HTTP/1.1" 200 298 "-" "PostmanRuntime/7.30.0"
::1 - - [18/Dec/2022:22:47:35 +0000] "POST /api/v1/apply HTTP/1.1" 201 297 "-" "PostmanRuntime/7.30.0"
::1 - - [18/Dec/2022:22:50:42 +0000] "POST /api/v1/auth/login%20 HTTP/1.1" 404 160 "-" "PostmanRuntime/7.30.0"
::1 - - [18/Dec/2022:23:23:49 +0000] "POST /api/v1/job HTTP/1.1" 201 465 "-" "PostmanRuntime/7.30.0"
::1 - - [18/Dec/2022:23:28:09 +0000] "PUT /api/v1/job/639fa105b84a2824fa4a1543 HTTP/1.1" 200 467 "-" "PostmanRuntime/7.30.0"
::1 - - [18/Dec/2022:23:30:07 +0000] "GET /api/v1/job HTTP/1.1" 403 27 "-" "PostmanRuntime/7.30.0"
::1 - - [18/Dec/2022:23:30:15 +0000] "GET /api/v1/job HTTP/1.1" 200 2081 "-" "PostmanRuntime/7.30.0"
::1 - - [18/Dec/2022:23:32:17 +0000] "GET /api/v1/job/639fa105b84a2824fa4a1543 HTTP/1.1" 403 27 "-" "PostmanRuntime/7.30.0"
::1 - - [18/Dec/2022:23:32:25 +0000] "GET /api/v1/job/639fa105b84a2824fa4a1543 HTTP/1.1" 500 41 "-" "PostmanRuntime/7.30.0"
::1 - - [18/Dec/2022:23:33:41 +0000] "DELETE /api/v1/job/639f6ab60bd75917ec71107f HTTP/1.1" 403 27 "-" "PostmanRuntime/7.30.0"
::1 - - [18/Dec/2022:23:37:26 +0000] "GET /api/v1/job/rocommend HTTP/1.1" 401 39 "-" "PostmanRuntime/7.30.0"
